[debug] [2024-10-26T18:24:45.828Z] ----------------------------------------------------------------------
[debug] [2024-10-26T18:24:45.834Z] Command:       C:\Program Files\nodejs\node.exe C:\Users\abhig\AppData\Roaming\npm\node_modules\firebase-tools\lib\bin\firebase.js init hosting:github
[debug] [2024-10-26T18:24:45.834Z] CLI Version:   13.23.0
[debug] [2024-10-26T18:24:45.835Z] Platform:      win32
[debug] [2024-10-26T18:24:45.835Z] Node Version:  v20.18.0
[debug] [2024-10-26T18:24:45.835Z] Time:          Sat Oct 26 2024 23:54:45 GMT+0530 (India Standard Time)
[debug] [2024-10-26T18:24:45.836Z] ----------------------------------------------------------------------
[debug] 
[debug] [2024-10-26T18:24:46.017Z] > command requires scopes: ["email","openid","https://www.googleapis.com/auth/cloudplatformprojects.readonly","https://www.googleapis.com/auth/firebase","https://www.googleapis.com/auth/cloud-platform"]
[debug] [2024-10-26T18:24:46.017Z] > authorizing via signed-in user (abhig0502@gmail.com)
[info] 
     ######## #### ########  ######## ########     ###     ######  ########
     ##        ##  ##     ## ##       ##     ##  ##   ##  ##       ##
     ######    ##  ########  ######   ########  #########  ######  ######
     ##        ##  ##    ##  ##       ##     ## ##     ##       ## ##
     ##       #### ##     ## ######## ########  ##     ##  ######  ########

You're about to initialize a Firebase project in this directory:

  C:\Users\abhig\OneDrive\Desktop\REACT\eventspot-lite

Before we get started, keep in mind:

  * You are initializing within an existing Firebase project directory

[info] 
=== Project Setup
[info] 
[info] First, let's associate this project directory with a Firebase project.
[info] You can create multiple project aliases by running firebase use --add, 
[info] but for now we'll just set up a default project.
[info] 
[debug] [2024-10-26T18:24:49.594Z] Using project from CLI flag: eventspot-lite
[debug] [2024-10-26T18:24:49.597Z] Checked if tokens are valid: true, expires at: 1729970124283
[debug] [2024-10-26T18:24:49.598Z] Checked if tokens are valid: true, expires at: 1729970124283
[debug] [2024-10-26T18:24:49.609Z] >>> [apiv2][query] GET https://firebase.googleapis.com/v1beta1/projects/eventspot-lite [none]
[debug] [2024-10-26T18:24:50.398Z] <<< [apiv2][status] GET https://firebase.googleapis.com/v1beta1/projects/eventspot-lite 200
[debug] [2024-10-26T18:24:50.399Z] <<< [apiv2][body] GET https://firebase.googleapis.com/v1beta1/projects/eventspot-lite {"projectId":"eventspot-lite","projectNumber":"183164678075","displayName":"Eventspot-lite","name":"projects/eventspot-lite","resources":{"hostingSite":"eventspot-lite"},"state":"ACTIVE","etag":"1_524913f4-b153-4d69-b35c-d6963514d64c"}
[info] i  Using project eventspot-lite (Eventspot-lite) 
[info] 
=== Hosting:github Setup
[info] 
[info] i  Detected a .git folder at C:\Users\abhig\OneDrive\Desktop\REACT\eventspot-lite 
[info] i  Authorizing with GitHub to upload your service account to a GitHub repository's secrets store. 
[info] 
[info] Visit this URL on this device to log in:
[info] https://github.com/login/oauth/authorize?client_id=89cf50f02ac6aaed3484&state=107274602&redirect_uri=http%3A%2F%2Flocalhost%3A9005&scope=read%3Auser%20repo%20public_repo
[info] 
[info] Waiting for authentication...
[debug] [2024-10-26T18:25:05.819Z] >>> [apiv2][query] POST https://github.com/login/oauth/access_token [none]
[debug] [2024-10-26T18:25:05.819Z] >>> [apiv2][body] POST https://github.com/login/oauth/access_token [stream]
[debug] [2024-10-26T18:25:06.349Z] <<< [apiv2][status] POST https://github.com/login/oauth/access_token 200
[debug] [2024-10-26T18:25:06.350Z] <<< [apiv2][body] POST https://github.com/login/oauth/access_token {"access_token":"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","token_type":"bearer","scope":"read:user,repo"}
[debug] [2024-10-26T18:25:06.365Z] >>> [apiv2][query] GET https://api.github.com/user [none]
[debug] [2024-10-26T18:25:06.833Z] <<< [apiv2][status] GET https://api.github.com/user 200
[debug] [2024-10-26T18:25:06.834Z] <<< [apiv2][body] GET https://api.github.com/user {"login":"abhig0502","id":98394888,"node_id":"U_kgDOBd1jCA","avatar_url":"https://avatars.githubusercontent.com/u/98394888?v=4","gravatar_id":"","url":"https://api.github.com/users/abhig0502","html_url":"https://github.com/abhig0502","followers_url":"https://api.github.com/users/abhig0502/followers","following_url":"https://api.github.com/users/abhig0502/following{/other_user}","gists_url":"https://api.github.com/users/abhig0502/gists{/gist_id}","starred_url":"https://api.github.com/users/abhig0502/starred{/owner}{/repo}","subscriptions_url":"https://api.github.com/users/abhig0502/subscriptions","organizations_url":"https://api.github.com/users/abhig0502/orgs","repos_url":"https://api.github.com/users/abhig0502/repos","events_url":"https://api.github.com/users/abhig0502/events{/privacy}","received_events_url":"https://api.github.com/users/abhig0502/received_events","type":"User","user_view_type":"private","site_admin":false,"name":null,"company":null,"blog":"","location":null,"email":null,"hireable":null,"bio":null,"twitter_username":null,"notification_email":null,"public_repos":5,"public_gists":0,"followers":1,"following":0,"created_at":"2022-01-25T11:31:57Z","updated_at":"2024-10-26T16:01:20Z","private_gists":0,"total_private_repos":1,"owned_private_repos":1,"disk_usage":3778,"collaborators":0,"two_factor_authentication":false,"plan":{"name":"free","space":976562499,"collaborators":0,"private_repos":10000}}
[info] 
[info] +  Success! Logged into GitHub as abhig0502 
[info] 
